<?xml version="1.0" encoding="UTF-8"?>
<!-- Generated by org.testng.reporters.JUnitXMLReporter -->
<testsuite hostname="DESKTOP-RVPORKM" ignored="0" name="AutomationpracticeTest" tests="5" failures="0" timestamp="20 Sep 2020 13:28:26 GMT" time="38.065" errors="0">
  <testcase name="LaunchTheLoginPage" time="5.785" classname="com.QATest.RecruitCRM.AutomationpracticeTest"/>
  <testcase name="LogintotheURL" time="4.912" classname="com.QATest.RecruitCRM.AutomationpracticeTest"/>
  <testcase name="Scenario1" time="10.946" classname="com.QATest.RecruitCRM.AutomationpracticeTest"/>
  <testcase name="Scenario2" time="4.31" classname="com.QATest.RecruitCRM.AutomationpracticeTest"/>
  <testcase name="Scenario3" time="1.991" classname="com.QATest.RecruitCRM.AutomationpracticeTest"/>
</testsuite> <!-- AutomationpracticeTest -->
