<?xml version="1.0" encoding="UTF-8"?>
<!-- Generated by org.testng.reporters.JUnitXMLReporter -->
<testsuite hostname="DESKTOP-RVPORKM" ignored="0" name="GogleMapsTest" tests="6" failures="0" timestamp="20 Sep 2020 13:28:49 GMT" time="22.549" errors="0">
  <testcase name="GogleMapsTesting" time="5.735" classname="com.QATest.RecruitCRM.GogleMapsTest"/>
  <testcase name="SearchinGoogleMaps" time="1.571" classname="com.QATest.RecruitCRM.GogleMapsTest"/>
  <testcase name="TaketheScreenShotofSearchResult" time="6.236" classname="com.QATest.RecruitCRM.GogleMapsTest"/>
  <testcase name="VerifyTheTextStadium" time="0.643" classname="com.QATest.RecruitCRM.GogleMapsTest"/>
  <testcase name="VerifyTheTitle" time="0.041" classname="com.QATest.RecruitCRM.GogleMapsTest"/>
  <testcase name="PrintTheNoOfRating" time="0.23" classname="com.QATest.RecruitCRM.GogleMapsTest"/>
</testsuite> <!-- GogleMapsTest -->
