<?xml version="1.0" encoding="UTF-8"?>
<!-- Generated by org.testng.reporters.JUnitXMLReporter -->
<testsuite hostname="DESKTOP-RVPORKM" ignored="1" name="PROD" tests="2" failures="0" timestamp="18 Sep 2020 08:20:17 GMT" time="35.116" errors="0">
  <testcase name="Scenario1" time="5.69" classname="com.QATest.RecruitCRM.Testshopsocially"/>
  <testcase name="Scenario2" time="18.263" classname="com.QATest.RecruitCRM.Testshopsocially"/>
  <testcase name="Scenario3" time="0.0" classname="com.QATest.RecruitCRM.Testshopsocially">
    <ignored/>
  </testcase> <!-- Scenario3 -->
</testsuite> <!-- PROD -->
