<?xml version="1.0" encoding="UTF-8"?>
<!-- Generated by org.testng.reporters.JUnitXMLReporter -->
<testsuite hostname="DESKTOP-RVPORKM" ignored="0" name="qaagilityTest" tests="4" failures="0" timestamp="20 Sep 2020 13:29:06 GMT" time="16.796" errors="0">
  <testcase name="qaagilityTesting" time="6.62" classname="com.QATest.RecruitCRM.qaagilityTest"/>
  <testcase name="VerifyTitle" time="0.026" classname="com.QATest.RecruitCRM.qaagilityTest"/>
  <testcase name="GetTheSizeofLogo" time="0.192" classname="com.QATest.RecruitCRM.qaagilityTest"/>
  <testcase name="VerifyTwitterAndFooterText" time="0.259" classname="com.QATest.RecruitCRM.qaagilityTest"/>
</testsuite> <!-- qaagilityTest -->
