<?xml version="1.0" encoding="UTF-8"?>
<!-- Generated by org.testng.reporters.JUnitXMLReporter -->
<testsuite hostname="DESKTOP-RVPORKM" ignored="0" name="UAT" tests="5" failures="1" timestamp="17 Sep 2020 13:15:23 GMT" time="53.567" errors="0">
  <testcase name="LaunchTheLoginPage" time="7.087" classname="com.QATest.RecruitCRM.Testautomationpractice"/>
  <testcase name="LogintotheURL" time="7.366" classname="com.QATest.RecruitCRM.Testautomationpractice"/>
  <testcase name="Scenario1" time="15.603" classname="com.QATest.RecruitCRM.Testautomationpractice"/>
  <testcase name="Scenario2" time="0.119" classname="com.QATest.RecruitCRM.Testautomationpractice">
    <failure type="java.lang.NullPointerException">
      <![CDATA[java.lang.NullPointerException
at com.RecruitCRM.Utility.WebDriverListener.onException(WebDriverListener.java:68)
at org.openqa.selenium.support.events.EventFiringWebDriver.lambda$new$0(EventFiringWebDriver.java:84)
at com.sun.proxy.$Proxy9.onException(Unknown Source)
at org.openqa.selenium.support.events.EventFiringWebDriver.lambda$new$1(EventFiringWebDriver.java:107)
at com.sun.proxy.$Proxy10.perform(Unknown Source)
at org.openqa.selenium.support.events.EventFiringWebDriver.perform(EventFiringWebDriver.java:360)
at org.openqa.selenium.interactions.Actions$BuiltAction.perform(Actions.java:639)
at com.QATest.RecruitCRM.Testautomationpractice.Scenario2(Testautomationpractice.java:86)
... Removed 29 stack frames]]>
    </failure>
  </testcase> <!-- Scenario2 -->
  <testcase name="Scenario3" time="0.0" classname="com.QATest.RecruitCRM.Testautomationpractice">
    <skipped/>
  </testcase> <!-- Scenario3 -->
</testsuite> <!-- UAT -->
